Up to date
Parsing SVDs from /nix/store/vgn4xj0h5gmqngx0b603abg489fd5jjn-data-stm32-db
Saving cache to /tmp/data_stm32_svd_cache
Parsing CubeMX database from /nix/store/vgn4xj0h5gmqngx0b603abg489fd5jjn-data-stm32-db
Parsing STM32F030C6Tx
Parsing STM32F030C8Tx
Parsing STM32F030CCTx
Parsing STM32F030F4Px
Parsing STM32F030K6Tx
Parsing STM32F030R8Tx
Parsing STM32F030RCTx
Parsing STM32F070C6Tx
Parsing STM32F070CBTx
Parsing STM32F070F6Px
Parsing STM32F070RBTx
Parsing STM32F031C(4-6)Tx
Parsing STM32F031C(4-6)Tx
Parsing STM32F031E6Yx
Parsing STM32F031F(4-6)Px
Parsing STM32F031F(4-6)Px
Parsing STM32F031G(4-6)Ux
Parsing STM32F031G(4-6)Ux
Parsing STM32F031K(4-6)Ux
Parsing STM32F031K(4-6)Ux
Parsing STM32F031K6Tx
Parsing STM32F051C4Tx
Parsing STM32F051C4Ux
Parsing STM32F051C6Tx
Parsing STM32F051C6Ux
Parsing STM32F051C8Tx
Parsing STM32F051C8Ux
Parsing STM32F051K4Tx
Parsing STM32F051K4Ux
Parsing STM32F051K6Tx
Parsing STM32F051K6Ux
Parsing STM32F051K8Tx
Parsing STM32F051K8Ux
Parsing STM32F051R4Tx
Parsing STM32F051R6Tx
Parsing STM32F051R8Hx
Parsing STM32F051R8Tx
Parsing STM32F051T8Yx
Parsing STM32F071C(8-B)Tx
Parsing STM32F071C(8-B)Tx
Parsing STM32F071C(8-B)Ux
Parsing STM32F071C(8-B)Ux
Parsing STM32F071CBYx
Parsing STM32F071RBTx
Parsing STM32F071V(8-B)Hx
Parsing STM32F071V(8-B)Hx
Parsing STM32F071V(8-B)Tx
Parsing STM32F071V(8-B)Tx
Parsing STM32F091C(B-C)Tx
Parsing STM32F091C(B-C)Tx
Parsing STM32F091C(B-C)Ux
Parsing STM32F091C(B-C)Ux
Parsing STM32F091R(B-C)Tx
Parsing STM32F091R(B-C)Tx
Parsing STM32F091RCHx
Parsing STM32F091RCYx
Parsing STM32F091V(B-C)Tx
Parsing STM32F091V(B-C)Tx
Parsing STM32F091VCHx
Parsing STM32F042C(4-6)Tx
Parsing STM32F042C(4-6)Tx
Parsing STM32F042C(4-6)Ux
Parsing STM32F042C(4-6)Ux
Parsing STM32F042F4Px
Parsing STM32F042F6Px
Parsing STM32F042G(4-6)Ux
Parsing STM32F042G(4-6)Ux
Parsing STM32F042K(4-6)Tx
Parsing STM32F042K(4-6)Tx
Parsing STM32F042K(4-6)Ux
Parsing STM32F042K(4-6)Ux
Parsing STM32F042T6Yx
Parsing STM32F072C(8-B)Tx
Parsing STM32F072C(8-B)Tx
Parsing STM32F072C(8-B)Ux
Parsing STM32F072C(8-B)Ux
Parsing STM32F072CBYx
Parsing STM32F072R(8-B)Tx
Parsing STM32F072R(8-B)Tx
Parsing STM32F072RBHx
Parsing STM32F072RBIx
Parsing STM32F072V(8-B)Hx
Parsing STM32F072V(8-B)Hx
Parsing STM32F072V(8-B)Tx
Parsing STM32F072V(8-B)Tx
Parsing STM32F038C6Tx
Parsing STM32F038E6Yx
Parsing STM32F038F6Px
Parsing STM32F038G6Ux
Parsing STM32F038K6Ux
Parsing STM32F048C6Ux
Parsing STM32F048G6Ux
Parsing STM32F048T6Yx
Parsing STM32F058C8Ux
Parsing STM32F058R8Hx
Parsing STM32F058R8Tx
Parsing STM32F058T8Yx
Parsing STM32F078CBTx
Parsing STM32F078CBUx
Parsing STM32F078CBYx
Parsing STM32F078RBHx
Parsing STM32F078RBTx
Parsing STM32F078VBHx
Parsing STM32F078VBTx
Parsing STM32F098CCTx
Parsing STM32F098CCUx
Parsing STM32F098RCHx
Parsing STM32F098RCTx
Parsing STM32F098RCYx
Parsing STM32F098VCHx
Parsing STM32F098VCTx
Parsing STM32F100C(4-6)Tx
Parsing STM32F100C(4-6)Tx
Parsing STM32F100C(8-B)Tx
Parsing STM32F100C(8-B)Tx
Parsing STM32F100R(4-6)Hx
Parsing STM32F100R(4-6)Hx
Parsing STM32F100R(4-6)Tx
Parsing STM32F100R(4-6)Tx
Parsing STM32F100R(8-B)Hx
Parsing STM32F100R(8-B)Hx
Parsing STM32F100R(8-B)Tx
Parsing STM32F100R(8-B)Tx
Parsing STM32F100R(C-D-E)Tx
Parsing STM32F100R(C-D-E)Tx
Parsing STM32F100R(C-D-E)Tx
Parsing STM32F100V(8-B)Tx
Parsing STM32F100V(8-B)Tx
Parsing STM32F100V(C-D-E)Tx
Parsing STM32F100V(C-D-E)Tx
Parsing STM32F100V(C-D-E)Tx
Parsing STM32F100Z(C-D-E)Tx
Parsing STM32F100Z(C-D-E)Tx
Parsing STM32F100Z(C-D-E)Tx
Parsing STM32F101C(4-6)Tx
Parsing STM32F101C(4-6)Tx
Parsing STM32F101C(8-B)Tx
Parsing STM32F101C(8-B)Tx
Parsing STM32F101C(8-B)Ux
Parsing STM32F101C(8-B)Ux
Parsing STM32F101R(4-6)Tx
Parsing STM32F101R(4-6)Tx
Parsing STM32F101R(8-B)Tx
Parsing STM32F101R(8-B)Tx
Parsing STM32F101R(C-D-E)Tx
Parsing STM32F101R(C-D-E)Tx
Parsing STM32F101R(C-D-E)Tx
Parsing STM32F101R(F-G)Tx
Parsing STM32F101R(F-G)Tx
Parsing STM32F101RBHx
Parsing STM32F101T(4-6)Ux
Parsing STM32F101T(4-6)Ux
Parsing STM32F101T(8-B)Ux
Parsing STM32F101T(8-B)Ux
Parsing STM32F101V(8-B)Tx
Parsing STM32F101V(8-B)Tx
Parsing STM32F101V(C-D-E)Tx
Parsing STM32F101V(C-D-E)Tx
Parsing STM32F101V(C-D-E)Tx
Parsing STM32F101V(F-G)Tx
Parsing STM32F101V(F-G)Tx
Parsing STM32F101Z(C-D-E)Tx
Parsing STM32F101Z(C-D-E)Tx
Parsing STM32F101Z(C-D-E)Tx
Parsing STM32F101Z(F-G)Tx
Parsing STM32F101Z(F-G)Tx
Parsing STM32F102C(4-6)Tx
Parsing STM32F102C(4-6)Tx
Parsing STM32F102C(8-B)Tx
Parsing STM32F102C(8-B)Tx
Parsing STM32F102R(4-6)Tx
Parsing STM32F102R(4-6)Tx
Parsing STM32F102R(8-B)Tx
Parsing STM32F102R(8-B)Tx
Parsing STM32F103C(4-6)Tx
Parsing STM32F103C(4-6)Tx
Parsing STM32F103C(8-B)Tx
Parsing STM32F103C(8-B)Tx
Parsing STM32F103C6Ux
Parsing STM32F103CBUx
Parsing STM32F103R(4-6)Hx
Parsing STM32F103R(4-6)Hx
Parsing STM32F103R(4-6)Tx
Parsing STM32F103R(4-6)Tx
Parsing STM32F103R(8-B)Hx
Parsing STM32F103R(8-B)Hx
Parsing STM32F103R(8-B)Tx
Parsing STM32F103R(8-B)Tx
Parsing STM32F103R(C-D-E)Tx
Parsing STM32F103R(C-D-E)Tx
Parsing STM32F103R(C-D-E)Tx
Parsing STM32F103R(C-D-E)Yx
Parsing STM32F103R(C-D-E)Yx
Parsing STM32F103R(C-D-E)Yx
Parsing STM32F103R(F-G)Tx
Parsing STM32F103R(F-G)Tx
Parsing STM32F103T(4-6)Ux
Parsing STM32F103T(4-6)Ux
Parsing STM32F103T(8-B)Ux
Parsing STM32F103T(8-B)Ux
Parsing STM32F103V(8-B)Hx
Parsing STM32F103V(8-B)Hx
Parsing STM32F103V(8-B)Tx
Parsing STM32F103V(8-B)Tx
Parsing STM32F103V(C-D-E)Hx
Parsing STM32F103V(C-D-E)Hx
Parsing STM32F103V(C-D-E)Hx
Parsing STM32F103V(C-D-E)Tx
Parsing STM32F103V(C-D-E)Tx
Parsing STM32F103V(C-D-E)Tx
Parsing STM32F103V(F-G)Tx
Parsing STM32F103V(F-G)Tx
Parsing STM32F103VBIx
Parsing STM32F103Z(C-D-E)Hx
Parsing STM32F103Z(C-D-E)Hx
Parsing STM32F103Z(C-D-E)Hx
Parsing STM32F103Z(C-D-E)Tx
Parsing STM32F103Z(C-D-E)Tx
Parsing STM32F103Z(C-D-E)Tx
Parsing STM32F103Z(F-G)Hx
Parsing STM32F103Z(F-G)Hx
Parsing STM32F103Z(F-G)Tx
Parsing STM32F103Z(F-G)Tx
Parsing STM32F105R(8-B-C)Tx
Parsing STM32F105R(8-B-C)Tx
Parsing STM32F105R(8-B-C)Tx
Parsing STM32F105V(8-B)Hx
Parsing STM32F105V(8-B)Hx
Parsing STM32F105V(8-B-C)Tx
Parsing STM32F105V(8-B-C)Tx
Parsing STM32F105V(8-B-C)Tx
Parsing STM32F107R(B-C)Tx
Parsing STM32F107R(B-C)Tx
Parsing STM32F107V(B-C)Tx
Parsing STM32F107V(B-C)Tx
Parsing STM32F107VCHx
Parsing STM32F205R(B-C-E-F-G)Tx
Parsing STM32F205R(B-C-E-F-G)Tx
Parsing STM32F205R(B-C-E-F-G)Tx
Parsing STM32F205R(B-C-E-F-G)Tx
Parsing STM32F205R(B-C-E-F-G)Tx
Parsing STM32F205R(E-G)Yx
Parsing STM32F205R(E-G)Yx
Parsing STM32F205RGEx
Parsing STM32F205V(B-C-E-F-G)Tx
Parsing STM32F205V(B-C-E-F-G)Tx
Parsing STM32F205V(B-C-E-F-G)Tx
Parsing STM32F205V(B-C-E-F-G)Tx
Parsing STM32F205V(B-C-E-F-G)Tx
Parsing STM32F205Z(C-E-F-G)Tx
Parsing STM32F205Z(C-E-F-G)Tx
Parsing STM32F205Z(C-E-F-G)Tx
Parsing STM32F205Z(C-E-F-G)Tx
Parsing STM32F215R(E-G)Tx
Parsing STM32F215R(E-G)Tx
Parsing STM32F215V(E-G)Tx
Parsing STM32F215V(E-G)Tx
Parsing STM32F215Z(E-G)Tx
Parsing STM32F215Z(E-G)Tx
Parsing STM32F207I(C-E-F-G)Hx
Parsing STM32F207I(C-E-F-G)Hx
Parsing STM32F207I(C-E-F-G)Hx
Parsing STM32F207I(C-E-F-G)Hx
Parsing STM32F207I(C-E-F-G)Tx
Parsing STM32F207I(C-E-F-G)Tx
Parsing STM32F207I(C-E-F-G)Tx
Parsing STM32F207I(C-E-F-G)Tx
Parsing STM32F207V(C-E-F-G)Tx
Parsing STM32F207V(C-E-F-G)Tx
Parsing STM32F207V(C-E-F-G)Tx
Parsing STM32F207V(C-E-F-G)Tx
Parsing STM32F207Z(C-E-F-G)Tx
Parsing STM32F207Z(C-E-F-G)Tx
Parsing STM32F207Z(C-E-F-G)Tx
Parsing STM32F207Z(C-E-F-G)Tx
Parsing STM32F217I(E-G)Hx
Parsing STM32F217I(E-G)Hx
Parsing STM32F217I(E-G)Tx
Parsing STM32F217I(E-G)Tx
Parsing STM32F217V(E-G)Tx
Parsing STM32F217V(E-G)Tx
Parsing STM32F217Z(E-G)Tx
Parsing STM32F217Z(E-G)Tx
Parsing STM32F301C(6-8)Tx
Parsing STM32F301C(6-8)Tx
Parsing STM32F301C8Yx
Parsing STM32F301K(6-8)Tx
Parsing STM32F301K(6-8)Tx
Parsing STM32F301K(6-8)Ux
Parsing STM32F301K(6-8)Ux
Parsing STM32F301R(6-8)Tx
Parsing STM32F301R(6-8)Tx
Parsing STM32F302C(6-8)Tx
Parsing STM32F302C(6-8)Tx
Parsing STM32F302C(B-C)Tx
Parsing STM32F302C(B-C)Tx
Parsing STM32F302C8Yx
Parsing STM32F302K(6-8)Ux
Parsing STM32F302K(6-8)Ux
Parsing STM32F302R(6-8)Tx
Parsing STM32F302R(6-8)Tx
Parsing STM32F302R(B-C)Tx
Parsing STM32F302R(B-C)Tx
Parsing STM32F302R(D-E)Tx
Parsing STM32F302R(D-E)Tx
Parsing STM32F302V(B-C)Tx
Parsing STM32F302V(B-C)Tx
Parsing STM32F302V(D-E)Hx
Parsing STM32F302V(D-E)Hx
Parsing STM32F302V(D-E)Tx
Parsing STM32F302V(D-E)Tx
Parsing STM32F302VCYx
Parsing STM32F302Z(D-E)Tx
Parsing STM32F302Z(D-E)Tx
Parsing STM32F303C(6-8)Tx
Parsing STM32F303C(6-8)Tx
Parsing STM32F303C(B-C)Tx
Parsing STM32F303C(B-C)Tx
Parsing STM32F303C8Yx
Parsing STM32F303K(6-8)Tx
Parsing STM32F303K(6-8)Tx
Parsing STM32F303R(6-8)Tx
Parsing STM32F303R(6-8)Tx
Parsing STM32F303R(B-C)Tx
Parsing STM32F303R(B-C)Tx
Parsing STM32F303R(D-E)Tx
Parsing STM32F303R(D-E)Tx
Parsing STM32F303V(B-C)Tx
Parsing STM32F303V(B-C)Tx
Parsing STM32F303V(D-E)Hx
Parsing STM32F303V(D-E)Hx
Parsing STM32F303V(D-E)Tx
Parsing STM32F303V(D-E)Tx
Parsing STM32F303VCYx
Parsing STM32F303VEYx
Parsing STM32F303Z(D-E)Tx
Parsing STM32F303Z(D-E)Tx
Parsing STM32F334C(4-6-8)Tx
Parsing STM32F334C(4-6-8)Tx
Parsing STM32F334C(4-6-8)Tx
Parsing STM32F334C8Yx
Parsing STM32F334K(4-6-8)Tx
Parsing STM32F334K(4-6-8)Tx
Parsing STM32F334K(4-6-8)Tx
Parsing STM32F334K(4-6-8)Ux
Parsing STM32F334K(4-6-8)Ux
Parsing STM32F334K(4-6-8)Ux
Parsing STM32F334R(6-8)Tx
Parsing STM32F334R(6-8)Tx
Parsing STM32F373C(8-B-C)Tx
Parsing STM32F373C(8-B-C)Tx
Parsing STM32F373C(8-B-C)Tx
Parsing STM32F373R(8-B-C)Tx
Parsing STM32F373R(8-B-C)Tx
Parsing STM32F373R(8-B-C)Tx
Parsing STM32F373V(8-B-C)Hx
Parsing STM32F373V(8-B-C)Hx
Parsing STM32F373V(8-B-C)Hx
Parsing STM32F373V(8-B-C)Tx
Parsing STM32F373V(8-B-C)Tx
Parsing STM32F373V(8-B-C)Tx
Parsing STM32F303K(6-8)Ux
Parsing STM32F303K(6-8)Ux
Parsing STM32F318C8Tx
Parsing STM32F318C8Yx
Parsing STM32F318K8Ux
Parsing STM32F328C8Tx
Parsing STM32F358CCTx
Parsing STM32F358RCTx
Parsing STM32F358VCTx
Parsing STM32F378CCTx
Parsing STM32F378RCTx
Parsing STM32F378RCYx
Parsing STM32F378VCHx
Parsing STM32F378VCTx
Parsing STM32F398VETx
Parsing STM32F401C(B-C)Ux
Parsing STM32F401C(B-C)Ux
Parsing STM32F401C(B-C)Yx
Parsing STM32F401C(B-C)Yx
Parsing STM32F401C(D-E)Ux
Parsing STM32F401C(D-E)Ux
Parsing STM32F401C(D-E)Yx
Parsing STM32F401C(D-E)Yx
Parsing STM32F401CCFx
Parsing STM32F401R(B-C)Tx
Parsing STM32F401R(B-C)Tx
Parsing STM32F401R(D-E)Tx
Parsing STM32F401R(D-E)Tx
Parsing STM32F401V(B-C)Hx
Parsing STM32F401V(B-C)Hx
Parsing STM32F401V(B-C)Tx
Parsing STM32F401V(B-C)Tx
Parsing STM32F401V(D-E)Hx
Parsing STM32F401V(D-E)Hx
Parsing STM32F401V(D-E)Tx
Parsing STM32F401V(D-E)Tx
Parsing STM32F405O(E-G)Yx
Parsing STM32F405O(E-G)Yx
Parsing STM32F405RGTx
Parsing STM32F405VGTx
Parsing STM32F405ZGTx
Parsing STM32F415OGYx
Parsing STM32F415RGTx
Parsing STM32F415VGTx
Parsing STM32F415ZGTx
Parsing STM32F407I(E-G)Hx
Parsing STM32F407I(E-G)Hx
Parsing STM32F407I(E-G)Tx
Parsing STM32F407I(E-G)Tx
Parsing STM32F407V(E-G)Tx
Parsing STM32F407V(E-G)Tx
Parsing STM32F407Z(E-G)Tx
Parsing STM32F407Z(E-G)Tx
Parsing STM32F417I(E-G)Hx
Parsing STM32F417I(E-G)Hx
Parsing STM32F417I(E-G)Tx
Parsing STM32F417I(E-G)Tx
Parsing STM32F417V(E-G)Tx
Parsing STM32F417V(E-G)Tx
Parsing STM32F417Z(E-G)Tx
Parsing STM32F417Z(E-G)Tx
Parsing STM32F410C(8-B)Tx
Parsing STM32F410C(8-B)Tx
Parsing STM32F410C(8-B)Ux
Parsing STM32F410C(8-B)Ux
Parsing STM32F410R(8-B)Ix
Parsing STM32F410R(8-B)Ix
Parsing STM32F410R(8-B)Tx
Parsing STM32F410R(8-B)Tx
Parsing STM32F410T(8-B)Yx
Parsing STM32F410T(8-B)Yx
Parsing STM32F411C(C-E)Ux
Parsing STM32F411C(C-E)Ux
Parsing STM32F411C(C-E)Yx
Parsing STM32F411C(C-E)Yx
Parsing STM32F411R(C-E)Tx
Parsing STM32F411R(C-E)Tx
Parsing STM32F411V(C-E)Hx
Parsing STM32F411V(C-E)Hx
Parsing STM32F411V(C-E)Tx
Parsing STM32F411V(C-E)Tx
Parsing STM32F412C(E-G)Ux
Parsing STM32F412C(E-G)Ux
Parsing STM32F412R(E-G)Tx
Parsing STM32F412R(E-G)Tx
Parsing STM32F412R(E-G)Yx
Parsing STM32F412R(E-G)Yx
Parsing STM32F412R(E-G)YxP
Parsing STM32F412R(E-G)YxP
Parsing STM32F412V(E-G)Hx
Parsing STM32F412V(E-G)Hx
Parsing STM32F412V(E-G)Tx
Parsing STM32F412V(E-G)Tx
Parsing STM32F412Z(E-G)Jx
Parsing STM32F412Z(E-G)Jx
Parsing STM32F412Z(E-G)Tx
Parsing STM32F412Z(E-G)Tx
Parsing STM32F413C(G-H)Ux
Parsing STM32F413C(G-H)Ux
Parsing STM32F413M(G-H)Yx
Parsing STM32F413M(G-H)Yx
Parsing STM32F413R(G-H)Tx
Parsing STM32F413R(G-H)Tx
Parsing STM32F413V(G-H)Hx
Parsing STM32F413V(G-H)Hx
Parsing STM32F413V(G-H)Tx
Parsing STM32F413V(G-H)Tx
Parsing STM32F413Z(G-H)Jx
Parsing STM32F413Z(G-H)Jx
Parsing STM32F413Z(G-H)Tx
Parsing STM32F413Z(G-H)Tx
Parsing STM32F423CHUx
Parsing STM32F423MHYx
Parsing STM32F423RHTx
Parsing STM32F423VHHx
Parsing STM32F423VHTx
Parsing STM32F423ZHJx
Parsing STM32F423ZHTx
Parsing STM32F427A(G-I)Hx
Parsing STM32F427A(G-I)Hx
Parsing STM32F427I(G-I)Hx
Parsing STM32F427I(G-I)Hx
Parsing STM32F427I(G-I)Tx
Parsing STM32F427I(G-I)Tx
Parsing STM32F427V(G-I)Tx
Parsing STM32F427V(G-I)Tx
Parsing STM32F427Z(G-I)Tx
Parsing STM32F427Z(G-I)Tx
Parsing STM32F437AIHx
Parsing STM32F437I(G-I)Hx
Parsing STM32F437I(G-I)Hx
Parsing STM32F437I(G-I)Tx
Parsing STM32F437I(G-I)Tx
Parsing STM32F437V(G-I)Tx
Parsing STM32F437V(G-I)Tx
Parsing STM32F437Z(G-I)Tx
Parsing STM32F437Z(G-I)Tx
Parsing STM32F429A(G-I)Hx
Parsing STM32F429A(G-I)Hx
Parsing STM32F429B(E-G-I)Tx
Parsing STM32F429B(E-G-I)Tx
Parsing STM32F429B(E-G-I)Tx
Parsing STM32F429I(E-G)Tx
Parsing STM32F429I(E-G)Tx
Parsing STM32F429I(E-G-I)Hx
Parsing STM32F429I(E-G-I)Hx
Parsing STM32F429I(E-G-I)Hx
Parsing STM32F429IITx
Parsing STM32F429N(E-G)Hx
Parsing STM32F429N(E-G)Hx
Parsing STM32F429NIHx
Parsing STM32F429V(E-G)Tx
Parsing STM32F429V(E-G)Tx
Parsing STM32F429VITx
Parsing STM32F429Z(E-G)Tx
Parsing STM32F429Z(E-G)Tx
Parsing STM32F429ZGYx
Parsing STM32F429ZITx
Parsing STM32F429ZIYx
Parsing STM32F439AIHx
Parsing STM32F439B(G-I)Tx
Parsing STM32F439B(G-I)Tx
Parsing STM32F439I(G-I)Hx
Parsing STM32F439I(G-I)Hx
Parsing STM32F439I(G-I)Tx
Parsing STM32F439I(G-I)Tx
Parsing STM32F439N(G-I)Hx
Parsing STM32F439N(G-I)Hx
Parsing STM32F439V(G-I)Tx
Parsing STM32F439V(G-I)Tx
Parsing STM32F439Z(G-I)Tx
Parsing STM32F439Z(G-I)Tx
Parsing STM32F439Z(G-I)Yx
Parsing STM32F439Z(G-I)Yx
Parsing STM32F446M(C-E)Yx
Parsing STM32F446M(C-E)Yx
Parsing STM32F446R(C-E)Tx
Parsing STM32F446R(C-E)Tx
Parsing STM32F446V(C-E)Tx
Parsing STM32F446V(C-E)Tx
Parsing STM32F446Z(C-E)Hx
Parsing STM32F446Z(C-E)Hx
Parsing STM32F446Z(C-E)Jx
Parsing STM32F446Z(C-E)Jx
Parsing STM32F446Z(C-E)Tx
Parsing STM32F446Z(C-E)Tx
Parsing STM32F469A(E-G-I)Hx
Parsing STM32F469A(E-G-I)Hx
Parsing STM32F469A(E-G-I)Hx
Parsing STM32F469A(E-G-I)Yx
Parsing STM32F469A(E-G-I)Yx
Parsing STM32F469A(E-G-I)Yx
Parsing STM32F469B(E-G-I)Tx
Parsing STM32F469B(E-G-I)Tx
Parsing STM32F469B(E-G-I)Tx
Parsing STM32F469I(E-G)Tx
Parsing STM32F469I(E-G)Tx
Parsing STM32F469I(E-G-I)Hx
Parsing STM32F469I(E-G-I)Hx
Parsing STM32F469I(E-G-I)Hx
Parsing STM32F469IITx
Parsing STM32F469N(E-G)Hx
Parsing STM32F469N(E-G)Hx
Parsing STM32F469NIHx
Parsing STM32F469V(E-G)Tx
Parsing STM32F469V(E-G)Tx
Parsing STM32F469VITx
Parsing STM32F469Z(E-G)Tx
Parsing STM32F469Z(E-G)Tx
Parsing STM32F469ZITx
Parsing STM32F479A(G-I)Hx
Parsing STM32F479A(G-I)Hx
Parsing STM32F479A(G-I)Yx
Parsing STM32F479A(G-I)Yx
Parsing STM32F479B(G-I)Tx
Parsing STM32F479B(G-I)Tx
Parsing STM32F479I(G-I)Hx
Parsing STM32F479I(G-I)Hx
Parsing STM32F479I(G-I)Tx
Parsing STM32F479I(G-I)Tx
Parsing STM32F479N(G-I)Hx
Parsing STM32F479N(G-I)Hx
Parsing STM32F479V(G-I)Tx
Parsing STM32F479V(G-I)Tx
Parsing STM32F479Z(G-I)Tx
Parsing STM32F479Z(G-I)Tx
Parsing STM32F730I8Kx
Parsing STM32F730R8Tx
Parsing STM32F730V8Tx
Parsing STM32F730Z8Tx
Parsing STM32F750N8Hx
Parsing STM32F750V8Tx
Parsing STM32F750Z8Tx
Parsing STM32F722I(C-E)Kx
Parsing STM32F722I(C-E)Kx
Parsing STM32F722I(C-E)Tx
Parsing STM32F722I(C-E)Tx
Parsing STM32F722R(C-E)Tx
Parsing STM32F722R(C-E)Tx
Parsing STM32F722V(C-E)Tx
Parsing STM32F722V(C-E)Tx
Parsing STM32F722Z(C-E)Tx
Parsing STM32F722Z(C-E)Tx
Parsing STM32F732IEKx
Parsing STM32F732IETx
Parsing STM32F732RETx
Parsing STM32F732VETx
Parsing STM32F732ZETx
Parsing STM32F723I(C-E)Kx
Parsing STM32F723I(C-E)Kx
Parsing STM32F723I(C-E)Tx
Parsing STM32F723I(C-E)Tx
Parsing STM32F723V(C-E)Yx
Parsing STM32F723V(C-E)Yx
Parsing STM32F723Z(C-E)Ix
Parsing STM32F723Z(C-E)Ix
Parsing STM32F723Z(C-E)Tx
Parsing STM32F723Z(C-E)Tx
Parsing STM32F733IEKx
Parsing STM32F733IETx
Parsing STM32F733VEYx
Parsing STM32F733ZEIx
Parsing STM32F733ZETx
Parsing STM32F745I(E-G)Kx
Parsing STM32F745I(E-G)Kx
Parsing STM32F745I(E-G)Tx
Parsing STM32F745I(E-G)Tx
Parsing STM32F745V(E-G)Hx
Parsing STM32F745V(E-G)Hx
Parsing STM32F745V(E-G)Tx
Parsing STM32F745V(E-G)Tx
Parsing STM32F745Z(E-G)Tx
Parsing STM32F745Z(E-G)Tx
Parsing STM32F765B(G-I)Tx
Parsing STM32F765B(G-I)Tx
Parsing STM32F765I(G-I)Kx
Parsing STM32F765I(G-I)Kx
Parsing STM32F765I(G-I)Tx
Parsing STM32F765I(G-I)Tx
Parsing STM32F765N(G-I)Hx
Parsing STM32F765N(G-I)Hx
Parsing STM32F765V(G-I)Hx
Parsing STM32F765V(G-I)Hx
Parsing STM32F765V(G-I)Tx
Parsing STM32F765V(G-I)Tx
Parsing STM32F765Z(G-I)Tx
Parsing STM32F765Z(G-I)Tx
Parsing STM32F746B(E-G)Tx
Parsing STM32F746B(E-G)Tx
Parsing STM32F746I(E-G)Kx
Parsing STM32F746I(E-G)Kx
Parsing STM32F746IETx
Parsing STM32F746IGTx
Parsing STM32F746NEHx
Parsing STM32F746NGHx
Parsing STM32F746V(E-G)Hx
Parsing STM32F746V(E-G)Hx
Parsing STM32F746VETx
Parsing STM32F746VGTx
Parsing STM32F746Z(E-G)Yx
Parsing STM32F746Z(E-G)Yx
Parsing STM32F746ZETx
Parsing STM32F746ZGTx
Parsing STM32F756BGTx
Parsing STM32F756IGKx
Parsing STM32F756IGTx
Parsing STM32F756NGHx
Parsing STM32F756VGHx
Parsing STM32F756VGTx
Parsing STM32F756ZGTx
Parsing STM32F756ZGYx
Parsing STM32F767B(G-I)Tx
Parsing STM32F767B(G-I)Tx
Parsing STM32F767I(G-I)Kx
Parsing STM32F767I(G-I)Kx
Parsing STM32F767I(G-I)Tx
Parsing STM32F767I(G-I)Tx
Parsing STM32F767N(G-I)Hx
Parsing STM32F767N(G-I)Hx
Parsing STM32F767VGHx
Parsing STM32F767VGTx
Parsing STM32F767VIHx
Parsing STM32F767VITx
Parsing STM32F767ZGTx
Parsing STM32F767ZITx
Parsing STM32F777BITx
Parsing STM32F777IIKx
Parsing STM32F777IITx
Parsing STM32F777NIHx
Parsing STM32F777VIHx
Parsing STM32F777VITx
Parsing STM32F777ZITx
Parsing STM32F768AIYx
Parsing STM32F769A(G-I)Yx
Parsing STM32F769A(G-I)Yx
Parsing STM32F769B(G-I)Tx
Parsing STM32F769B(G-I)Tx
Parsing STM32F769IGTx
Parsing STM32F769IITx
Parsing STM32F769NGHx
Parsing STM32F769NIHx
Parsing STM32F778AIYx
Parsing STM32F779AIYx
Parsing STM32F779BITx
Parsing STM32F779IITx
Parsing STM32F779NIHx
Parsing STM32H742A(G-I)Ix
Parsing STM32H742A(G-I)Ix
Parsing STM32H742B(G-I)Tx
Parsing STM32H742B(G-I)Tx
Parsing STM32H742I(G-I)Kx
Parsing STM32H742I(G-I)Kx
Parsing STM32H742I(G-I)Tx
Parsing STM32H742I(G-I)Tx
Parsing STM32H742V(G-I)Hx
Parsing STM32H742V(G-I)Hx
Parsing STM32H742V(G-I)Tx
Parsing STM32H742V(G-I)Tx
Parsing STM32H742X(G-I)Hx
Parsing STM32H742X(G-I)Hx
Parsing STM32H742Z(G-I)Tx
Parsing STM32H742Z(G-I)Tx
Parsing STM32H743A(G-I)Ix
Parsing STM32H743A(G-I)Ix
Parsing STM32H743BGTx
Parsing STM32H743BITx
Parsing STM32H743IGKx
Parsing STM32H743IGTx
Parsing STM32H743IIKx
Parsing STM32H743IITx
Parsing STM32H743V(G-I)Hx
Parsing STM32H743V(G-I)Hx
Parsing STM32H743VGTx
Parsing STM32H743VITx
Parsing STM32H743XGHx
Parsing STM32H743XIHx
Parsing STM32H743ZGTx
Parsing STM32H743ZITx
Parsing STM32H753AIIx
Parsing STM32H753BITx
Parsing STM32H753IIKx
Parsing STM32H753IITx
Parsing STM32H753VIHx
Parsing STM32H753VITx
Parsing STM32H753XIHx
Parsing STM32H753ZITx
Parsing STM32H745BGTx
Parsing STM32H745BITx
Parsing STM32H745IGKx
Parsing STM32H745IGTx
Parsing STM32H745IIKx
Parsing STM32H745IITx
Parsing STM32H745XGHx
Parsing STM32H745XIHx
Parsing STM32H745ZGTx
Parsing STM32H745ZITx
Parsing STM32H755BITx
Parsing STM32H755IIKx
Parsing STM32H755IITx
Parsing STM32H755XIHx
Parsing STM32H755ZITx
Parsing STM32H747A(G-I)Ix
Parsing STM32H747A(G-I)Ix
Parsing STM32H747BGTx
Parsing STM32H747BITx
Parsing STM32H747IGTx
Parsing STM32H747IITx
Parsing STM32H747XGHx
Parsing STM32H747XIHx
Parsing STM32H747ZIYx
Parsing STM32H757AIIx
Parsing STM32H757BITx
Parsing STM32H757IITx
Parsing STM32H757XIHx
Parsing STM32H757ZIYx
Parsing STM32H750IBKx
Parsing STM32H750VBTx
Parsing STM32H750XBHx
Parsing STM32L010C6Tx
Parsing STM32L010F4Px
Parsing STM32L010K4Tx
Parsing STM32L010K8Tx
Parsing STM32L010R8Tx
Parsing STM32L010RBTx
Parsing STM32L011D(3-4)Px
Parsing STM32L011D(3-4)Px
Parsing STM32L011E(3-4)Yx
Parsing STM32L011E(3-4)Yx
Parsing STM32L011F(3-4)Px
Parsing STM32L011F(3-4)Px
Parsing STM32L011F(3-4)Ux
Parsing STM32L011F(3-4)Ux
Parsing STM32L011G(3-4)Ux
Parsing STM32L011G(3-4)Ux
Parsing STM32L011K(3-4)Tx
Parsing STM32L011K(3-4)Tx
Parsing STM32L011K(3-4)Ux
Parsing STM32L011K(3-4)Ux
Parsing STM32L021D4Px
Parsing STM32L021F4Px
Parsing STM32L021F4Ux
Parsing STM32L021G4Ux
Parsing STM32L021K4Tx
Parsing STM32L021K4Ux
Parsing STM32L031C(4-6)Tx
Parsing STM32L031C(4-6)Tx
Parsing STM32L031C6Ux
Parsing STM32L031E(4-6)Yx
Parsing STM32L031E(4-6)Yx
Parsing STM32L031F(4-6)Px
Parsing STM32L031F(4-6)Px
Parsing STM32L031G(4-6)Ux
Parsing STM32L031G(4-6)Ux
Parsing STM32L031G6UxS
Parsing STM32L031K(4-6)Tx
Parsing STM32L031K(4-6)Tx
Parsing STM32L031K(4-6)Ux
Parsing STM32L031K(4-6)Ux
Parsing STM32L041C(4-6)Tx
Parsing STM32L041C(4-6)Tx
Parsing STM32L041E6Yx
Parsing STM32L041F6Px
Parsing STM32L041G6Ux
Parsing STM32L041G6UxS
Parsing STM32L041K6Tx
Parsing STM32L041K6Ux
Parsing STM32L051C(6-8)Tx
Parsing STM32L051C(6-8)Tx
Parsing STM32L051K(6-8)Tx
Parsing STM32L051K(6-8)Tx
Parsing STM32L051K(6-8)Ux
Parsing STM32L051K(6-8)Ux
Parsing STM32L051R(6-8)Hx
Parsing STM32L051R(6-8)Hx
Parsing STM32L051R(6-8)Tx
Parsing STM32L051R(6-8)Tx
Parsing STM32L051T(6-8)Yx
Parsing STM32L051T(6-8)Yx
Parsing STM32L071C(B-Z)Tx
Parsing STM32L071C(B-Z)Tx
Parsing STM32L071C(B-Z)Yx
Parsing STM32L071C(B-Z)Yx
Parsing STM32L071C8Tx
Parsing STM32L071K(B-Z)Tx
Parsing STM32L071K(B-Z)Tx
Parsing STM32L071K(B-Z)Ux
Parsing STM32L071K(B-Z)Ux
Parsing STM32L071K8Ux
Parsing STM32L071R(B-Z)Hx
Parsing STM32L071R(B-Z)Hx
Parsing STM32L071R(B-Z)Tx
Parsing STM32L071R(B-Z)Tx
Parsing STM32L071V(B-Z)Ix
Parsing STM32L071V(B-Z)Ix
Parsing STM32L071V(B-Z)Tx
Parsing STM32L071V(B-Z)Tx
Parsing STM32L071V8Ix
Parsing STM32L071V8Tx
Parsing STM32L081C(B-Z)Tx
Parsing STM32L081C(B-Z)Tx
Parsing STM32L081KZTx
Parsing STM32L081KZUx
Parsing STM32L052C(6-8)Tx
Parsing STM32L052C(6-8)Tx
Parsing STM32L052K(6-8)Tx
Parsing STM32L052K(6-8)Tx
Parsing STM32L052K(6-8)Ux
Parsing STM32L052K(6-8)Ux
Parsing STM32L052R(6-8)Hx
Parsing STM32L052R(6-8)Hx
Parsing STM32L052R(6-8)Tx
Parsing STM32L052R(6-8)Tx
Parsing STM32L052T(6-8)Yx
Parsing STM32L052T(6-8)Yx
Parsing STM32L052T8Fx
Parsing STM32L062K8Tx
Parsing STM32L062K8Ux
Parsing STM32L072C(B-Z)Tx
Parsing STM32L072C(B-Z)Tx
Parsing STM32L072C(B-Z)Yx
Parsing STM32L072C(B-Z)Yx
Parsing STM32L072CZEx
Parsing STM32L072K(B-Z)Tx
Parsing STM32L072K(B-Z)Tx
Parsing STM32L072K(B-Z)Ux
Parsing STM32L072K(B-Z)Ux
Parsing STM32L072R(B-Z)Hx
Parsing STM32L072R(B-Z)Hx
Parsing STM32L072R(B-Z)Ix
Parsing STM32L072R(B-Z)Ix
Parsing STM32L072R(B-Z)Tx
Parsing STM32L072R(B-Z)Tx
Parsing STM32L072V(B-Z)Ix
Parsing STM32L072V(B-Z)Ix
Parsing STM32L072V(B-Z)Tx
Parsing STM32L072V(B-Z)Tx
Parsing STM32L072V8Ix
Parsing STM32L072V8Tx
Parsing STM32L082CZYx
Parsing STM32L082K(B-Z)Tx
Parsing STM32L082K(B-Z)Tx
Parsing STM32L082K(B-Z)Ux
Parsing STM32L082K(B-Z)Ux
Parsing STM32L053C(6-8)Tx
Parsing STM32L053C(6-8)Tx
Parsing STM32L053R(6-8)Hx
Parsing STM32L053R(6-8)Hx
Parsing STM32L053R(6-8)Tx
Parsing STM32L053R(6-8)Tx
Parsing STM32L063C8Tx
Parsing STM32L063R8Tx
Parsing STM32L073C(B-Z)Tx
Parsing STM32L073C(B-Z)Tx
Parsing STM32L073R(B-Z)Hx
Parsing STM32L073R(B-Z)Hx
Parsing STM32L073R(B-Z)Tx
Parsing STM32L073R(B-Z)Tx
Parsing STM32L073RZIx
Parsing STM32L073V(B-Z)Ix
Parsing STM32L073V(B-Z)Ix
Parsing STM32L073V(B-Z)Tx
Parsing STM32L073V(B-Z)Tx
Parsing STM32L073V8Ix
Parsing STM32L073V8Tx
Parsing STM32L083C(B-Z)Tx
Parsing STM32L083C(B-Z)Tx
Parsing STM32L083R(B-Z)Hx
Parsing STM32L083R(B-Z)Hx
Parsing STM32L083R(B-Z)Tx
Parsing STM32L083R(B-Z)Tx
Parsing STM32L083V(B-Z)Ix
Parsing STM32L083V(B-Z)Ix
Parsing STM32L083V(B-Z)Tx
Parsing STM32L083V(B-Z)Tx
Parsing STM32L083V8Ix
Parsing STM32L083V8Tx
Parsing STM32L100C6Ux
Parsing STM32L100C6UxA
Parsing STM32L100R(8-B)Tx
Parsing STM32L100R(8-B)Tx
Parsing STM32L100R(8-B)TxA
Parsing STM32L100R(8-B)TxA
Parsing STM32L100RCTx
Parsing STM32L151C(6-8-B)Tx
Parsing STM32L151C(6-8-B)Tx
Parsing STM32L151C(6-8-B)Tx
Parsing STM32L151C(6-8-B)TxA
Parsing STM32L151C(6-8-B)TxA
Parsing STM32L151C(6-8-B)TxA
Parsing STM32L151C(6-8-B)Ux
Parsing STM32L151C(6-8-B)Ux
Parsing STM32L151C(6-8-B)Ux
Parsing STM32L151C(6-8-B)UxA
Parsing STM32L151C(6-8-B)UxA
Parsing STM32L151C(6-8-B)UxA
Parsing STM32L151CCTx
Parsing STM32L151CCUx
Parsing STM32L151QCHx
Parsing STM32L151QDHx
Parsing STM32L151QEHx
Parsing STM32L151R(6-8-B)Hx
Parsing STM32L151R(6-8-B)Hx
Parsing STM32L151R(6-8-B)Hx
Parsing STM32L151R(6-8-B)HxA
Parsing STM32L151R(6-8-B)HxA
Parsing STM32L151R(6-8-B)HxA
Parsing STM32L151R(6-8-B)Tx
Parsing STM32L151R(6-8-B)Tx
Parsing STM32L151R(6-8-B)Tx
Parsing STM32L151R(6-8-B)TxA
Parsing STM32L151R(6-8-B)TxA
Parsing STM32L151R(6-8-B)TxA
Parsing STM32L151RCTx
Parsing STM32L151RCTxA
Parsing STM32L151RCYx
Parsing STM32L151RDTx
Parsing STM32L151RDYx
Parsing STM32L151RETx
Parsing STM32L151UCYx
Parsing STM32L151V(8-B)Hx
Parsing STM32L151V(8-B)Hx
Parsing STM32L151V(8-B)HxA
Parsing STM32L151V(8-B)HxA
Parsing STM32L151V(8-B)Tx
Parsing STM32L151V(8-B)Tx
Parsing STM32L151V(8-B)TxA
Parsing STM32L151V(8-B)TxA
Parsing STM32L151VCHx
Parsing STM32L151VCTx
Parsing STM32L151VCTxA
Parsing STM32L151VDTx
Parsing STM32L151VDTxX
Parsing STM32L151VDYxX
Parsing STM32L151VETx
Parsing STM32L151VEYx
Parsing STM32L151ZCTx
Parsing STM32L151ZDTx
Parsing STM32L151ZETx
Parsing STM32L152C(6-8-B)Tx
Parsing STM32L152C(6-8-B)Tx
Parsing STM32L152C(6-8-B)Tx
Parsing STM32L152C(6-8-B)TxA
Parsing STM32L152C(6-8-B)TxA
Parsing STM32L152C(6-8-B)TxA
Parsing STM32L152C(6-8-B)Ux
Parsing STM32L152C(6-8-B)Ux
Parsing STM32L152C(6-8-B)Ux
Parsing STM32L152C(6-8-B)UxA
Parsing STM32L152C(6-8-B)UxA
Parsing STM32L152C(6-8-B)UxA
Parsing STM32L152CCTx
Parsing STM32L152CCUx
Parsing STM32L152QCHx
Parsing STM32L152QDHx
Parsing STM32L152QEHx
Parsing STM32L152R(6-8-B)Hx
Parsing STM32L152R(6-8-B)Hx
Parsing STM32L152R(6-8-B)Hx
Parsing STM32L152R(6-8-B)HxA
Parsing STM32L152R(6-8-B)HxA
Parsing STM32L152R(6-8-B)HxA
Parsing STM32L152R(6-8-B)Tx
Parsing STM32L152R(6-8-B)Tx
Parsing STM32L152R(6-8-B)Tx
Parsing STM32L152R(6-8-B)TxA
Parsing STM32L152R(6-8-B)TxA
Parsing STM32L152R(6-8-B)TxA
Parsing STM32L152RCTx
Parsing STM32L152RCTxA
Parsing STM32L152RDTx
Parsing STM32L152RDYx
Parsing STM32L152RETx
Parsing STM32L152UCYx
Parsing STM32L152V(8-B)Hx
Parsing STM32L152V(8-B)Hx
Parsing STM32L152V(8-B)HxA
Parsing STM32L152V(8-B)HxA
Parsing STM32L152V(8-B)Tx
Parsing STM32L152V(8-B)Tx
Parsing STM32L152V(8-B)TxA
Parsing STM32L152V(8-B)TxA
Parsing STM32L152VCHx
Parsing STM32L152VCTx
Parsing STM32L152VCTxA
Parsing STM32L152VDTx
Parsing STM32L152VDTxX
Parsing STM32L152VETx
Parsing STM32L152VEYx
Parsing STM32L152ZCTx
Parsing STM32L152ZDTx
Parsing STM32L152ZETx
Parsing STM32L162QDHx
Parsing STM32L162RCTx
Parsing STM32L162RCTxA
Parsing STM32L162RDTx
Parsing STM32L162RDYx
Parsing STM32L162RETx
Parsing STM32L162VCHx
Parsing STM32L162VCTx
Parsing STM32L162VCTxA
Parsing STM32L162VDTx
Parsing STM32L162VDYxX
Parsing STM32L162VETx
Parsing STM32L162VEYx
Parsing STM32L162ZDTx
Parsing STM32L162ZETx
Parsing STM32L431C(B-C)Tx
Parsing STM32L431C(B-C)Tx
Parsing STM32L431C(B-C)Ux
Parsing STM32L431C(B-C)Ux
Parsing STM32L431C(B-C)Yx
Parsing STM32L431C(B-C)Yx
Parsing STM32L431K(B-C)Ux
Parsing STM32L431K(B-C)Ux
Parsing STM32L431R(B-C)Ix
Parsing STM32L431R(B-C)Ix
Parsing STM32L431R(B-C)Tx
Parsing STM32L431R(B-C)Tx
Parsing STM32L431R(B-C)Yx
Parsing STM32L431R(B-C)Yx
Parsing STM32L431VCIx
Parsing STM32L431VCTx
Parsing STM32L451C(C-E)Ux
Parsing STM32L451C(C-E)Ux
Parsing STM32L451R(C-E)Ix
Parsing STM32L451R(C-E)Ix
Parsing STM32L451R(C-E)Tx
Parsing STM32L451R(C-E)Tx
Parsing STM32L451R(C-E)Yx
Parsing STM32L451R(C-E)Yx
Parsing STM32L451V(C-E)Ix
Parsing STM32L451V(C-E)Ix
Parsing STM32L451V(C-E)Tx
Parsing STM32L451V(C-E)Tx
Parsing STM32L471Q(E-G)Ix
Parsing STM32L471Q(E-G)Ix
Parsing STM32L471R(E-G)Tx
Parsing STM32L471R(E-G)Tx
Parsing STM32L471V(E-G)Tx
Parsing STM32L471V(E-G)Tx
Parsing STM32L471Z(E-G)Jx
Parsing STM32L471Z(E-G)Jx
Parsing STM32L471Z(E-G)Tx
Parsing STM32L471Z(E-G)Tx
Parsing STM32L412C8Tx
Parsing STM32L412C8Ux
Parsing STM32L412CBTx
Parsing STM32L412CBTxP
Parsing STM32L412CBUx
Parsing STM32L412CBUxP
Parsing STM32L412K8Tx
Parsing STM32L412K8Ux
Parsing STM32L412KBTx
Parsing STM32L412KBUx
Parsing STM32L412R8Ix
Parsing STM32L412R8Tx
Parsing STM32L412RBIx
Parsing STM32L412RBIxP
Parsing STM32L412RBTx
Parsing STM32L412RBTxP
Parsing STM32L412T8Yx
Parsing STM32L412TBYx
Parsing STM32L412TBYxP
Parsing STM32L422CBTx
Parsing STM32L422CBUx
Parsing STM32L422KBTx
Parsing STM32L422KBUx
Parsing STM32L422RBIx
Parsing STM32L422RBTx
Parsing STM32L422TBYx
Parsing STM32L432K(B-C)Ux
Parsing STM32L432K(B-C)Ux
Parsing STM32L442KCUx
Parsing STM32L452C(C-E)Ux
Parsing STM32L452C(C-E)Ux
Parsing STM32L452R(C-E)Ix
Parsing STM32L452R(C-E)Ix
Parsing STM32L452R(C-E)Tx
Parsing STM32L452R(C-E)Tx
Parsing STM32L452R(C-E)Yx
Parsing STM32L452R(C-E)Yx
Parsing STM32L452RETxP
Parsing STM32L452V(C-E)Ix
Parsing STM32L452V(C-E)Ix
Parsing STM32L452V(C-E)Tx
Parsing STM32L452V(C-E)Tx
Parsing STM32L462CEUx
Parsing STM32L462REIx
Parsing STM32L462RETx
Parsing STM32L462REYx
Parsing STM32L462VEIx
Parsing STM32L462VETx
Parsing STM32L433C(B-C)Tx
Parsing STM32L433C(B-C)Tx
Parsing STM32L433C(B-C)Ux
Parsing STM32L433C(B-C)Ux
Parsing STM32L433C(B-C)Yx
Parsing STM32L433C(B-C)Yx
Parsing STM32L433R(B-C)Ix
Parsing STM32L433R(B-C)Ix
Parsing STM32L433R(B-C)Tx
Parsing STM32L433R(B-C)Tx
Parsing STM32L433R(B-C)Yx
Parsing STM32L433R(B-C)Yx
Parsing STM32L433RCTxP
Parsing STM32L433VCIx
Parsing STM32L433VCTx
Parsing STM32L443CCTx
Parsing STM32L443CCUx
Parsing STM32L443CCYx
Parsing STM32L443RCIx
Parsing STM32L443RCTx
Parsing STM32L443RCYx
Parsing STM32L443VCIx
Parsing STM32L443VCTx
Parsing STM32L475R(C-E-G)Tx
Parsing STM32L475R(C-E-G)Tx
Parsing STM32L475R(C-E-G)Tx
Parsing STM32L475V(C-E-G)Tx
Parsing STM32L475V(C-E-G)Tx
Parsing STM32L475V(C-E-G)Tx
Parsing STM32L485J(C-E)Yx
Parsing STM32L485J(C-E)Yx
Parsing STM32L476J(E-G)Yx
Parsing STM32L476J(E-G)Yx
Parsing STM32L476JGYxP
Parsing STM32L476M(E-G)Yx
Parsing STM32L476M(E-G)Yx
Parsing STM32L476Q(E-G)Ix
Parsing STM32L476Q(E-G)Ix
Parsing STM32L476R(C-E-G)Tx
Parsing STM32L476R(C-E-G)Tx
Parsing STM32L476R(C-E-G)Tx
Parsing STM32L476V(C-E-G)Tx
Parsing STM32L476V(C-E-G)Tx
Parsing STM32L476V(C-E-G)Tx
Parsing STM32L476Z(E-G)Tx
Parsing STM32L476Z(E-G)Tx
Parsing STM32L476ZGJx
Parsing STM32L476ZGTxP
Parsing STM32L486JGYx
Parsing STM32L486QGIx
Parsing STM32L486RGTx
Parsing STM32L486VGTx
Parsing STM32L486ZGTx
Parsing STM32L496A(E-G)Ix
Parsing STM32L496A(E-G)Ix
Parsing STM32L496AGIxP
Parsing STM32L496Q(E-G)Ix
Parsing STM32L496Q(E-G)Ix
Parsing STM32L496QGIxP
Parsing STM32L496R(E-G)Tx
Parsing STM32L496R(E-G)Tx
Parsing STM32L496RGTxP
Parsing STM32L496V(E-G)Tx
Parsing STM32L496V(E-G)Tx
Parsing STM32L496VGYx
Parsing STM32L496VGYxP
Parsing STM32L496Z(E-G)Tx
Parsing STM32L496Z(E-G)Tx
Parsing STM32L496ZGTxP
Parsing STM32L4A6AGIx
Parsing STM32L4A6AGIxP
Parsing STM32L4A6QGIx
Parsing STM32L4A6QGIxP
Parsing STM32L4A6RGTx
Parsing STM32L4A6RGTxP
Parsing STM32L4A6VGTx
Parsing STM32L4A6VGYx
Parsing STM32L4A6VGYxP
Parsing STM32L4A6ZGTx
Parsing STM32L4A6ZGTxP
Parsing STM32L4R5A(G-I)Ix
Parsing STM32L4R5A(G-I)Ix
Parsing STM32L4R5Q(G-I)Ix
Parsing STM32L4R5Q(G-I)Ix
Parsing STM32L4R5V(G-I)Tx
Parsing STM32L4R5V(G-I)Tx
Parsing STM32L4R5Z(G-I)Tx
Parsing STM32L4R5Z(G-I)Tx
Parsing STM32L4R5Z(G-I)Yx
Parsing STM32L4R5Z(G-I)Yx
Parsing STM32L4R5ZITxP
Parsing STM32L4S5AIIx
Parsing STM32L4S5QIIx
Parsing STM32L4S5VITx
Parsing STM32L4S5ZITx
Parsing STM32L4S5ZIYx
Parsing STM32L4R7AIIx
Parsing STM32L4R7VITx
Parsing STM32L4R7ZITx
Parsing STM32L4S7AIIx
Parsing STM32L4S7VITx
Parsing STM32L4S7ZITx
Parsing STM32L4R9A(G-I)Ix
Parsing STM32L4R9A(G-I)Ix
Parsing STM32L4R9V(G-I)Tx
Parsing STM32L4R9V(G-I)Tx
Parsing STM32L4R9Z(G-I)Jx
Parsing STM32L4R9Z(G-I)Jx
Parsing STM32L4R9Z(G-I)Tx
Parsing STM32L4R9Z(G-I)Tx
Parsing STM32L4R9Z(G-I)Yx
Parsing STM32L4R9Z(G-I)Yx
Parsing STM32L4S9AIIx
Parsing STM32L4S9VITx
Parsing STM32L4S9ZIJx
Parsing STM32L4S9ZITx
Parsing STM32L4S9ZIYx
Parsing STM32L552C(C-E)Tx
Parsing STM32L552C(C-E)Tx
Parsing STM32L552C(C-E)Ux
Parsing STM32L552C(C-E)Ux
Parsing STM32L552CETxP
Parsing STM32L552CEUxP
Parsing STM32L552MEYxP
Parsing STM32L552MEYxQ
Parsing STM32L552Q(C-E)IxQ
Parsing STM32L552Q(C-E)IxQ
Parsing STM32L552QEIx
Parsing STM32L552QEIxP
Parsing STM32L552R(C-E)Tx
Parsing STM32L552R(C-E)Tx
Parsing STM32L552RETxP
Parsing STM32L552RETxQ
Parsing STM32L552V(C-E)TxQ
Parsing STM32L552V(C-E)TxQ
Parsing STM32L552VETx
Parsing STM32L552Z(C-E)TxQ
Parsing STM32L552Z(C-E)TxQ
Parsing STM32L552ZETx
Parsing STM32L562CETx
Parsing STM32L562CETxP
Parsing STM32L562CEUx
Parsing STM32L562CEUxP
Parsing STM32L562MEYxP
Parsing STM32L562MEYxQ
Parsing STM32L562QEIxP
Parsing STM32L562QEIxQ
Parsing STM32L562RETx
Parsing STM32L562RETxP
Parsing STM32L562VETx
Parsing STM32L562VETxQ
Parsing STM32L562ZETx
Parsing STM32L562ZETxQ
Parsing STM32G030C(6-8)Tx
Parsing STM32G030C(6-8)Tx
Parsing STM32G030F6Px
Parsing STM32G030J6Mx
Parsing STM32G030K(6-8)Tx
Parsing STM32G030K(6-8)Tx
Parsing STM32G070CBTx
Parsing STM32G070KBTx
Parsing STM32G070RBTx
Parsing STM32G031C(4-6-8)Tx
Parsing STM32G031C(4-6-8)Tx
Parsing STM32G031C(4-6-8)Tx
Parsing STM32G031C(4-6-8)Ux
Parsing STM32G031C(4-6-8)Ux
Parsing STM32G031C(4-6-8)Ux
Parsing STM32G031F(4-6-8)Px
Parsing STM32G031F(4-6-8)Px
Parsing STM32G031F(4-6-8)Px
Parsing STM32G031G(4-6-8)Ux
Parsing STM32G031G(4-6-8)Ux
Parsing STM32G031G(4-6-8)Ux
Parsing STM32G031J(4-6)Mx
Parsing STM32G031J(4-6)Mx
Parsing STM32G031K(4-6-8)Tx
Parsing STM32G031K(4-6-8)Tx
Parsing STM32G031K(4-6-8)Tx
Parsing STM32G031K(4-6-8)Ux
Parsing STM32G031K(4-6-8)Ux
Parsing STM32G031K(4-6-8)Ux
Parsing STM32G031Y8Yx
Parsing STM32G041C(6-8)Tx
Parsing STM32G041C(6-8)Tx
Parsing STM32G041C(6-8)Ux
Parsing STM32G041C(6-8)Ux
Parsing STM32G041F(6-8)Px
Parsing STM32G041F(6-8)Px
Parsing STM32G041G(6-8)Ux
Parsing STM32G041G(6-8)Ux
Parsing STM32G041J6Mx
Parsing STM32G041K(6-8)Tx
Parsing STM32G041K(6-8)Tx
Parsing STM32G041K(6-8)Ux
Parsing STM32G041K(6-8)Ux
Parsing STM32G041Y8Yx
Parsing STM32G071C(6-8-B)Tx
Parsing STM32G071C(6-8-B)Tx
Parsing STM32G071C(6-8-B)Tx
Parsing STM32G071C(6-8-B)Ux
Parsing STM32G071C(6-8-B)Ux
Parsing STM32G071C(6-8-B)Ux
Parsing STM32G071EBYx
Parsing STM32G071G(6-8-B)Ux
Parsing STM32G071G(6-8-B)Ux
Parsing STM32G071G(6-8-B)Ux
Parsing STM32G071G(8-B)UxN
Parsing STM32G071G(8-B)UxN
Parsing STM32G071K(6-8-B)Tx
Parsing STM32G071K(6-8-B)Tx
Parsing STM32G071K(6-8-B)Tx
Parsing STM32G071K(6-8-B)Ux
Parsing STM32G071K(6-8-B)Ux
Parsing STM32G071K(6-8-B)Ux
Parsing STM32G071K(8-B)TxN
Parsing STM32G071K(8-B)TxN
Parsing STM32G071K(8-B)UxN
Parsing STM32G071K(8-B)UxN
Parsing STM32G071R(6-8-B)Tx
Parsing STM32G071R(6-8-B)Tx
Parsing STM32G071R(6-8-B)Tx
Parsing STM32G071RBIx
Parsing STM32G081CBTx
Parsing STM32G081CBUx
Parsing STM32G081EBYx
Parsing STM32G081GBUx
Parsing STM32G081GBUxN
Parsing STM32G081KBTx
Parsing STM32G081KBTxN
Parsing STM32G081KBUx
Parsing STM32G081KBUxN
Parsing STM32G081RBIx
Parsing STM32G081RBTx
Parsing STM32G431C(6-8-B)Tx
Parsing STM32G431C(6-8-B)Tx
Parsing STM32G431C(6-8-B)Tx
Parsing STM32G431C(6-8-B)Ux
Parsing STM32G431C(6-8-B)Ux
Parsing STM32G431C(6-8-B)Ux
Parsing STM32G431CBYx
Parsing STM32G431K(6-8-B)Tx
Parsing STM32G431K(6-8-B)Tx
Parsing STM32G431K(6-8-B)Tx
Parsing STM32G431K(6-8-B)Ux
Parsing STM32G431K(6-8-B)Ux
Parsing STM32G431K(6-8-B)Ux
Parsing STM32G431M(6-8-B)Tx
Parsing STM32G431M(6-8-B)Tx
Parsing STM32G431M(6-8-B)Tx
Parsing STM32G431R(6-8-B)Ix
Parsing STM32G431R(6-8-B)Ix
Parsing STM32G431R(6-8-B)Ix
Parsing STM32G431R(6-8-B)Tx
Parsing STM32G431R(6-8-B)Tx
Parsing STM32G431R(6-8-B)Tx
Parsing STM32G431V(6-8-B)Tx
Parsing STM32G431V(6-8-B)Tx
Parsing STM32G431V(6-8-B)Tx
Parsing STM32G441CBTx
Parsing STM32G441CBUx
Parsing STM32G441CBYx
Parsing STM32G441KBTx
Parsing STM32G441KBUx
Parsing STM32G441MBTx
Parsing STM32G441RBIx
Parsing STM32G441RBTx
Parsing STM32G441VBTx
Parsing STM32G471C(C-E)Tx
Parsing STM32G471C(C-E)Tx
Parsing STM32G471C(C-E)Ux
Parsing STM32G471C(C-E)Ux
Parsing STM32G471M(C-E)Tx
Parsing STM32G471M(C-E)Tx
Parsing STM32G471MEYx
Parsing STM32G471Q(C-E)Tx
Parsing STM32G471Q(C-E)Tx
Parsing STM32G471R(C-E)Tx
Parsing STM32G471R(C-E)Tx
Parsing STM32G471V(C-E)Hx
Parsing STM32G471V(C-E)Hx
Parsing STM32G471V(C-E)Ix
Parsing STM32G471V(C-E)Ix
Parsing STM32G471V(C-E)Tx
Parsing STM32G471V(C-E)Tx
Parsing STM32GBK1CBTx
Parsing STM32G473C(B-C-E)Tx
Parsing STM32G473C(B-C-E)Tx
Parsing STM32G473C(B-C-E)Tx
Parsing STM32G473C(B-C-E)Ux
Parsing STM32G473C(B-C-E)Ux
Parsing STM32G473C(B-C-E)Ux
Parsing STM32G473M(B-C-E)Tx
Parsing STM32G473M(B-C-E)Tx
Parsing STM32G473M(B-C-E)Tx
Parsing STM32G473MEYx
Parsing STM32G473Q(B-C-E)Tx
Parsing STM32G473Q(B-C-E)Tx
Parsing STM32G473Q(B-C-E)Tx
Parsing STM32G473R(B-C-E)Tx
Parsing STM32G473R(B-C-E)Tx
Parsing STM32G473R(B-C-E)Tx
Parsing STM32G473V(B-C-E)Hx
Parsing STM32G473V(B-C-E)Hx
Parsing STM32G473V(B-C-E)Hx
Parsing STM32G473V(B-C-E)Ix
Parsing STM32G473V(B-C-E)Ix
Parsing STM32G473V(B-C-E)Ix
Parsing STM32G473V(B-C-E)Tx
Parsing STM32G473V(B-C-E)Tx
Parsing STM32G473V(B-C-E)Tx
Parsing STM32G483CETx
Parsing STM32G483CEUx
Parsing STM32G483METx
Parsing STM32G483MEYx
Parsing STM32G483QETx
Parsing STM32G483RETx
Parsing STM32G483VEHx
Parsing STM32G483VEIx
Parsing STM32G483VETx
Parsing STM32G474C(B-C-E)Tx
Parsing STM32G474C(B-C-E)Tx
Parsing STM32G474C(B-C-E)Tx
Parsing STM32G474C(B-C-E)Ux
Parsing STM32G474C(B-C-E)Ux
Parsing STM32G474C(B-C-E)Ux
Parsing STM32G474M(B-C-E)Tx
Parsing STM32G474M(B-C-E)Tx
Parsing STM32G474M(B-C-E)Tx
Parsing STM32G474MEYx
Parsing STM32G474Q(B-C-E)Tx
Parsing STM32G474Q(B-C-E)Tx
Parsing STM32G474Q(B-C-E)Tx
Parsing STM32G474R(B-C-E)Tx
Parsing STM32G474R(B-C-E)Tx
Parsing STM32G474R(B-C-E)Tx
Parsing STM32G474V(B-C-E)Hx
Parsing STM32G474V(B-C-E)Hx
Parsing STM32G474V(B-C-E)Hx
Parsing STM32G474V(B-C-E)Ix
Parsing STM32G474V(B-C-E)Ix
Parsing STM32G474V(B-C-E)Ix
Parsing STM32G474V(B-C-E)Tx
Parsing STM32G474V(B-C-E)Tx
Parsing STM32G474V(B-C-E)Tx
Parsing STM32G484CETx
Parsing STM32G484CEUx
Parsing STM32G484METx
Parsing STM32G484MEYx
Parsing STM32G484QETx
Parsing STM32G484RETx
Parsing STM32G484VEHx
Parsing STM32G484VEIx
Parsing STM32G484VETx
Parsing STM32WB50CGUx
Parsing STM32WB55CCUx
Parsing STM32WB55CEUx
Parsing STM32WB55CGUx
Parsing STM32WB55RCVx
Parsing STM32WB55REVx
Parsing STM32WB55RGVx
Parsing STM32WB55VCQx
Parsing STM32WB55VCYx
Parsing STM32WB55VEQx
Parsing STM32WB55VEYx
Parsing STM32WB55VGQx
Parsing STM32WB55VGYx
Parsing STM32MP151AAAx
Parsing STM32MP151AABx
Parsing STM32MP151AACx
Parsing STM32MP151AADx
Parsing STM32MP151CAAx
Parsing STM32MP151CABx
Parsing STM32MP151CACx
Parsing STM32MP151CADx
Parsing STM32MP153AAAx
Parsing STM32MP153AABx
Parsing STM32MP153AACx
Parsing STM32MP153AADx
Parsing STM32MP153CAAx
Parsing STM32MP153CABx
Parsing STM32MP153CACx
Parsing STM32MP153CADx
Parsing STM32MP157AAAx
Parsing STM32MP157AABx
Parsing STM32MP157AACx
Parsing STM32MP157AADx
Parsing STM32MP157CAAx
Parsing STM32MP157CABx
Parsing STM32MP157CACx
Parsing STM32MP157CADx
Saving cache to /tmp/data_stm32_cmx_cache
Families 16
Supported families 9 [F0,F1,F3,F4,F7,L4,L4Plus,G0,G4]
Un-supported families 7 [F2,H7,L0,L1,L5,WB,MP1]
CMX devices 1544
SVD files 79
CMX devices with SVD files 1335
CMX devices missing SVD files 209
SVD file names ["F0x0","F0x1","F0x2","F0x8","F100","F101","F102","F103","F107","F215","F217","F301","F302","F303","F373","F3x4","F3x8","F401","F405","F407","F410","F411","F412","F413","F427","F429","F446","F469","F730","F745","F750","F765","F7x2","F7x3","F7x6","F7x7","F7x8","F7x9","G030","G031","G041","G07x","G081","G431xx","G441xx","G471xx","G473xx","G474xx","G483xx","G484xx","H742x","H743x","H750x","H753x","H7A3x","H7B3x","H7x3","H7x5_CM4","H7x5_CM7","H7x7_CM4","H7x7_CM7","L0x1","L0x2","L0x3","L100","L151","L162","L4R5","L4R7","L4R9","L4S5","L4S7","L4S9","L4x1","L4x2","L4x3","L4x5","L4x6","MP15xxx"]
Supported but missing SVD files 
STM32F105R8Tx
STM32F105RBTx
STM32F105RCTx
STM32F105V8Hx
STM32F105VBHx
STM32F105V8Tx
STM32F105VBTx
STM32F105VCTx
STM32F415OGYx
STM32F415RGTx
STM32F415VGTx
STM32F415ZGTx
STM32F417IEHx
STM32F417IGHx
STM32F417IETx
STM32F417IGTx
STM32F417VETx
STM32F417VGTx
STM32F417ZETx
STM32F417ZGTx
STM32F423CHUx
STM32F423MHYx
STM32F423RHTx
STM32F423VHHx
STM32F423VHTx
STM32F423ZHJx
STM32F423ZHTx
STM32F437AIHx
STM32F437IGHx
STM32F437IIHx
STM32F437IGTx
STM32F437IITx
STM32F437VGTx
STM32F437VITx
STM32F437ZGTx
STM32F437ZITx
STM32F439AIHx
STM32F439BGTx
STM32F439BITx
STM32F439IGHx
STM32F439IIHx
STM32F439IGTx
STM32F439IITx
STM32F439NGHx
STM32F439NIHx
STM32F439VGTx
STM32F439VITx
STM32F439ZGTx
STM32F439ZITx
STM32F439ZGYx
STM32F439ZIYx
STM32F479AGHx
STM32F479AIHx
STM32F479AGYx
STM32F479AIYx
STM32F479BGTx
STM32F479BITx
STM32F479IGHx
STM32F479IIHx
STM32F479IGTx
STM32F479IITx
STM32F479NGHx
STM32F479NIHx
STM32F479VGTx
STM32F479VITx
STM32F479ZGTx
STM32F479ZITx
STM32GBK1CBTx

Toplevel
Processing device "STM32F0x0"
Processing instances for F030
- UART hasPeriph = False
- UART hasDriver = False
- CAN hasPeriph = False
- CAN hasDriver = False
- RNG hasPeriph = False
- RNG hasDriver = False
- USART hasDriver = False
- LPUART hasPeriph = False
- LPUART hasDriver = False
Processing device "STM32F0x1"
Processing instances for F031
- UART hasPeriph = False
- UART hasDriver = False
- CAN hasPeriph = False
- CAN hasDriver = False
- RNG hasPeriph = False
- RNG hasDriver = False
- USART hasDriver = False
- LPUART hasPeriph = False
- LPUART hasDriver = False
Processing device "STM32F0x8"
Processing instances for F038
- UART hasPeriph = False
- UART hasDriver = False
- CAN hasPeriph = False
- CAN hasDriver = False
- RNG hasPeriph = False
- RNG hasDriver = False
- USART hasDriver = False
- LPUART hasPeriph = False
- LPUART hasDriver = False
Processing device "STM32F0x2"
Processing instances for F042
- UART hasPeriph = False
- UART hasDriver = False
- RNG hasPeriph = False
- RNG hasDriver = False
- USART hasDriver = False
- LPUART hasPeriph = False
- LPUART hasDriver = False
Processing device "STM32F0x8"
Processing instances for F048
- UART hasPeriph = False
- UART hasDriver = False
- CAN hasPeriph = False
- CAN hasDriver = False
- RNG hasPeriph = False
- RNG hasDriver = False
- USART hasDriver = False
- LPUART hasPeriph = False
- LPUART hasDriver = False
Processing device "STM32F0x1"
Processing instances for F051
- UART hasPeriph = False
- UART hasDriver = False
- CAN hasPeriph = False
- CAN hasDriver = False
- RNG hasPeriph = False
- RNG hasDriver = False
- USART hasDriver = False
- LPUART hasPeriph = False
- LPUART hasDriver = False
Processing device "STM32F0x8"
Processing instances for F058
- UART hasPeriph = False
- UART hasDriver = False
- CAN hasPeriph = False
- CAN hasDriver = False
- RNG hasPeriph = False
- RNG hasDriver = False
- USART hasDriver = False
- LPUART hasPeriph = False
- LPUART hasDriver = False
Processing device "STM32F0x0"
Processing instances for F070
- UART hasPeriph = False
- UART hasDriver = False
- CAN hasPeriph = False
- CAN hasDriver = False
- RNG hasPeriph = False
- RNG hasDriver = False
- USART hasDriver = False
- LPUART hasPeriph = False
- LPUART hasDriver = False
Processing device "STM32F0x1"
Processing instances for F071
- UART hasPeriph = False
- UART hasDriver = False
- CAN hasPeriph = False
- CAN hasDriver = False
- RNG hasPeriph = False
- RNG hasDriver = False
- USART hasDriver = False
- LPUART hasPeriph = False
- LPUART hasDriver = False
Processing device "STM32F0x2"
Processing instances for F072
- UART hasPeriph = False
- UART hasDriver = False
- RNG hasPeriph = False
- RNG hasDriver = False
- USART hasDriver = False
- LPUART hasPeriph = False
- LPUART hasDriver = False
Processing device "STM32F0x8"
Processing instances for F078
- UART hasPeriph = False
- UART hasDriver = False
- CAN hasPeriph = False
- CAN hasDriver = False
- RNG hasPeriph = False
- RNG hasDriver = False
- USART hasDriver = False
- LPUART hasPeriph = False
- LPUART hasDriver = False
Processing device "STM32F0x1"
Processing instances for F091
- UART hasPeriph = False
- UART hasDriver = False
- RNG hasPeriph = False
- RNG hasDriver = False
- USART hasDriver = False
- LPUART hasPeriph = False
- LPUART hasDriver = False
Processing device "STM32F0x8"
Processing instances for F098
- UART hasPeriph = False
- UART hasDriver = False
- RNG hasPeriph = False
- RNG hasDriver = False
- USART hasDriver = False
- LPUART hasPeriph = False
- LPUART hasDriver = False
Processing device "STM32F100"
Processing instances for F100
- SYSCFG not found
- UART hasDriver = False
- CAN hasPeriph = False
- CAN hasDriver = False
- RNG hasPeriph = False
- RNG hasDriver = False
- RTC hasDriver = False
- USART hasDriver = False
- LPUART hasPeriph = False
- LPUART hasDriver = False
Processing device "STM32F101"
Processing instances for F101
- SYSCFG not found
- CAN hasPeriph = False
- CAN hasDriver = False
- RNG hasPeriph = False
- RNG hasDriver = False
- RTC hasDriver = False
- LPUART hasPeriph = False
- LPUART hasDriver = False
Processing device "STM32F102"
Processing instances for F102
- SYSCFG not found
- UART hasPeriph = False
- CAN hasPeriph = False
- CAN hasDriver = False
- RNG hasPeriph = False
- RNG hasDriver = False
- RTC hasDriver = False
- SPI hasDriver = False
- LPUART hasPeriph = False
- LPUART hasDriver = False
Processing device "STM32F103"
Processing instances for F103
- SYSCFG not found
- CAN hasDriver = False
- RNG hasPeriph = False
- RNG hasDriver = False
- RTC hasDriver = False
- LPUART hasPeriph = False
- LPUART hasDriver = False
Processing device "STM32F107"
Processing instances for F107
- SYSCFG not found
- CAN hasDriver = False
- RNG hasPeriph = False
- RNG hasDriver = False
- RTC hasDriver = False
- LPUART hasPeriph = False
- LPUART hasDriver = False
Processing device "STM32F301"
Processing instances for F301
- UART hasPeriph = False
- UART hasDriver = False
- CAN hasPeriph = False
- CAN hasDriver = False
- RNG hasPeriph = False
- RNG hasDriver = False
- USART hasDriver = False
- LPUART hasPeriph = False
- LPUART hasDriver = False
Processing device "STM32F302"
Processing instances for F302
- UART hasDriver = False
- RNG hasPeriph = False
- RNG hasDriver = False
- USART hasDriver = False
- LPUART hasPeriph = False
- LPUART hasDriver = False
Processing device "STM32F303"
Processing instances for F303
- UART hasDriver = False
- RNG hasPeriph = False
- RNG hasDriver = False
- USART hasDriver = False
- LPUART hasPeriph = False
- LPUART hasDriver = False
Processing device "STM32F3x8"
Processing instances for F318
- UART hasPeriph = False
- UART hasDriver = False
- CAN hasPeriph = False
- CAN hasDriver = False
- RNG hasPeriph = False
- RNG hasDriver = False
- USART hasDriver = False
- LPUART hasPeriph = False
- LPUART hasDriver = False
Processing device "STM32F3x8"
Processing instances for F328
- UART hasPeriph = False
- UART hasDriver = False
- RNG hasPeriph = False
- RNG hasDriver = False
- USART hasDriver = False
- LPUART hasPeriph = False
- LPUART hasDriver = False
Processing device "STM32F3x4"
Processing instances for F334
- UART hasPeriph = False
- UART hasDriver = False
- RNG hasPeriph = False
- RNG hasDriver = False
- USART hasDriver = False
- LPUART hasPeriph = False
- LPUART hasDriver = False
Processing device "STM32F3x8"
Processing instances for F358
- UART hasDriver = False
- RNG hasPeriph = False
- RNG hasDriver = False
- USART hasDriver = False
- LPUART hasPeriph = False
- LPUART hasDriver = False
Processing device "STM32F373"
Processing instances for F373
- UART hasPeriph = False
- UART hasDriver = False
- RNG hasPeriph = False
- RNG hasDriver = False
- USART hasDriver = False
- LPUART hasPeriph = False
- LPUART hasDriver = False
Processing device "STM32F3x8"
Processing instances for F378
- UART hasPeriph = False
- UART hasDriver = False
- RNG hasPeriph = False
- RNG hasDriver = False
- USART hasDriver = False
- LPUART hasPeriph = False
- LPUART hasDriver = False
Processing device "STM32F3x8"
Processing instances for F398
- UART hasDriver = False
- RNG hasPeriph = False
- RNG hasDriver = False
- USART hasDriver = False
- LPUART hasPeriph = False
- LPUART hasDriver = False
Processing device "STM32F401"
Processing instances for F401
- UART hasPeriph = False
- CAN hasPeriph = False
- CAN hasDriver = False
- RNG hasPeriph = False
- RNG hasDriver = False
- RTC hasDriver = False
- LPUART hasPeriph = False
- LPUART hasDriver = False
Processing device "STM32F405"
Processing instances for F405
- RTC hasDriver = False
- LPUART hasPeriph = False
- LPUART hasDriver = False
Processing device "STM32F407"
Processing instances for F407
- RTC hasDriver = False
- LPUART hasPeriph = False
- LPUART hasDriver = False
Processing device "STM32F410"
Processing instances for F410
- UART hasPeriph = False
- CAN hasPeriph = False
- CAN hasDriver = False
- I2C hasDriver = False
- RTC hasDriver = False
- LPUART hasPeriph = False
- LPUART hasDriver = False
Processing device "STM32F411"
Processing instances for F411
- UART hasPeriph = False
- CAN hasPeriph = False
- CAN hasDriver = False
- RNG hasPeriph = False
- RNG hasDriver = False
- RTC hasDriver = False
- LPUART hasPeriph = False
- LPUART hasDriver = False
Processing device "STM32F412"
Processing instances for F412
- UART hasPeriph = False
- I2C hasDriver = False
- RTC hasDriver = False
- LPUART hasPeriph = False
- LPUART hasDriver = False
Processing device "STM32F413"
Processing instances for F413
- I2C hasDriver = False
- RTC hasDriver = False
- LPUART hasPeriph = False
- LPUART hasDriver = False
Processing device "STM32F427"
Processing instances for F427
- RTC hasDriver = False
- LPUART hasPeriph = False
- LPUART hasDriver = False
Processing device "STM32F429"
Processing instances for F429
- RTC hasDriver = False
- LPUART hasPeriph = False
- LPUART hasDriver = False
Processing device "STM32F446"
Processing instances for F446
- I2C hasDriver = False
- RNG hasPeriph = False
- RNG hasDriver = False
- RTC hasDriver = False
- LPUART hasPeriph = False
- LPUART hasDriver = False
Processing device "STM32F469"
Processing instances for F469
- RTC hasDriver = False
- LPUART hasPeriph = False
- LPUART hasDriver = False
Processing device "STM32F7x2"
Processing instances for F722
- RTC hasDriver = False
- LPUART hasPeriph = False
Processing device "STM32F7x3"
Processing instances for F723
- RTC hasDriver = False
- LPUART hasPeriph = False
Processing device "STM32F730"
Processing instances for F730
- RTC hasDriver = False
- LPUART hasPeriph = False
Processing device "STM32F7x2"
Processing instances for F732
- RTC hasDriver = False
- LPUART hasPeriph = False
Processing device "STM32F7x3"
Processing instances for F733
- RTC hasDriver = False
- LPUART hasPeriph = False
Processing device "STM32F745"
Processing instances for F745
- RTC hasDriver = False
- LPUART hasPeriph = False
Processing device "STM32F7x6"
Processing instances for F746
- RTC hasDriver = False
- LPUART hasPeriph = False
Processing device "STM32F750"
Processing instances for F750
- RTC hasDriver = False
- LPUART hasPeriph = False
Processing device "STM32F7x6"
Processing instances for F756
- RTC hasDriver = False
- LPUART hasPeriph = False
Processing device "STM32F765"
Processing instances for F765
- RTC hasDriver = False
- LPUART hasPeriph = False
Processing device "STM32F7x7"
Processing instances for F767
- RTC hasDriver = False
- LPUART hasPeriph = False
Processing device "STM32F7x8"
Processing instances for F768
- RTC hasDriver = False
- LPUART hasPeriph = False
Processing device "STM32F7x9"
Processing instances for F769
- RTC hasDriver = False
- LPUART hasPeriph = False
Processing device "STM32F7x7"
Processing instances for F777
- RTC hasDriver = False
- LPUART hasPeriph = False
Processing device "STM32F7x8"
Processing instances for F778
- RTC hasDriver = False
- LPUART hasPeriph = False
Processing device "STM32F7x9"
Processing instances for F779
- RTC hasDriver = False
- LPUART hasPeriph = False
Processing device "STM32G030"
Processing instances for G030
- UART hasPeriph = False
- CAN hasPeriph = False
- CAN hasDriver = False
- RNG hasPeriph = False
- RNG hasDriver = False
- RTC hasDriver = False
- LPUART hasPeriph = False
Processing device "STM32G031"
Processing instances for G031
- UART hasPeriph = False
- CAN hasPeriph = False
- CAN hasDriver = False
- RNG hasPeriph = False
- RNG hasDriver = False
- RTC hasDriver = False
Processing device "STM32G041"
Processing instances for G041
- UART hasPeriph = False
- CAN hasPeriph = False
- CAN hasDriver = False
- RTC hasDriver = False
Processing device "STM32G07x"
Processing instances for G070
- UART hasPeriph = False
- CAN hasPeriph = False
- CAN hasDriver = False
- RNG hasPeriph = False
- RNG hasDriver = False
- RTC hasDriver = False
- LPUART hasPeriph = False
Processing device "STM32G07x"
Processing instances for G071
- UART hasPeriph = False
- CAN hasPeriph = False
- CAN hasDriver = False
- RNG hasPeriph = False
- RNG hasDriver = False
- RTC hasDriver = False
Processing device "STM32G081"
Processing instances for G081
- UART hasPeriph = False
- CAN hasPeriph = False
- CAN hasDriver = False
- RTC hasDriver = False
Processing device "STM32G431xx"
Processing instances for G431
- CAN hasPeriph = False
- CAN hasDriver = False
- RTC hasDriver = False
Processing device "STM32G441xx"
Processing instances for G441
- CAN hasPeriph = False
- CAN hasDriver = False
- RTC hasDriver = False
Processing device "STM32G471xx"
Processing instances for G471
- CAN hasPeriph = False
- CAN hasDriver = False
- RTC hasDriver = False
Processing device "STM32G473xx"
Processing instances for G473
- CAN hasPeriph = False
- CAN hasDriver = False
- RTC hasDriver = False
Processing device "STM32G474xx"
Processing instances for G474
- CAN hasPeriph = False
- CAN hasDriver = False
- RTC hasDriver = False
Processing device "STM32G483xx"
Processing instances for G483
- CAN hasPeriph = False
- CAN hasDriver = False
- RTC hasDriver = False
Processing device "STM32G484xx"
Processing instances for G484
- CAN hasPeriph = False
- CAN hasDriver = False
- RTC hasDriver = False
Processing device "STM32L4x2"
Processing instances for L412
- UART hasPeriph = False
- CAN hasPeriph = False
- CAN hasDriver = False
- RTC hasDriver = False
Processing device "STM32L4x2"
Processing instances for L422
- UART hasPeriph = False
- CAN hasPeriph = False
- CAN hasDriver = False
- RTC hasDriver = False
Processing device "STM32L4x1"
Processing instances for L431
- UART hasPeriph = False
Processing device "STM32L4x2"
Processing instances for L432
- UART hasPeriph = False
Processing device "STM32L4x3"
Processing instances for L433
- UART hasPeriph = False
Processing device "STM32L4x2"
Processing instances for L442
- UART hasPeriph = False
Processing device "STM32L4x3"
Processing instances for L443
- UART hasPeriph = False
Processing device "STM32L4x1"
Processing instances for L451
Processing device "STM32L4x2"
Processing instances for L452
Processing device "STM32L4x2"
Processing instances for L462
Processing device "STM32L4x1"
Processing instances for L471
Processing device "STM32L4x5"
Processing instances for L475
Processing device "STM32L4x6"
Processing instances for L476
Processing device "STM32L4x5"
Processing instances for L485
Processing device "STM32L4x6"
Processing instances for L486
Processing device "STM32L4x6"
Processing instances for L496
Processing device "STM32L4x6"
Processing instances for L4A6
Processing device "STM32L4R5"
Processing instances for L4R5
- UART hasDriver = False
- USART hasDriver = False
- LPUART hasDriver = False
Processing device "STM32L4R7"
Processing instances for L4R7
- UART hasDriver = False
- USART hasDriver = False
- LPUART hasDriver = False
Processing device "STM32L4R9"
Processing instances for L4R9
- UART hasDriver = False
- USART hasDriver = False
- LPUART hasDriver = False
Processing device "STM32L4S5"
Processing instances for L4S5
- UART hasDriver = False
- USART hasDriver = False
- LPUART hasDriver = False
Processing device "STM32L4S7"
Processing instances for L4S7
- UART hasDriver = False
- USART hasDriver = False
- LPUART hasDriver = False
Processing device "STM32L4S9"
Processing instances for L4S9
- UART hasDriver = False
- USART hasDriver = False
- LPUART hasDriver = False
Families
Processing family F0
Distinct SVDs for this family 4 fromList ["STM32F0x0","STM32F0x1","STM32F0x2","STM32F0x8"]
Device used as family representative (RCC, ClockInit) STM32F0x8
Processing family F1
Distinct SVDs for this family 5 fromList ["STM32F100","STM32F101","STM32F102","STM32F103","STM32F107"]
Device used as family representative (RCC, ClockInit) STM32F107
Processing family F3
Distinct SVDs for this family 6 fromList ["STM32F301","STM32F302","STM32F303","STM32F373","STM32F3x4","STM32F3x8"]
Device used as family representative (RCC, ClockInit) STM32F3x8
Processing family F4
Distinct SVDs for this family 11 fromList ["STM32F401","STM32F405","STM32F407","STM32F410","STM32F411","STM32F412","STM32F413","STM32F427","STM32F429","STM32F446","STM32F469"]
Device used as family representative (RCC, ClockInit) STM32F469
Processing family F7
Distinct SVDs for this family 10 fromList ["STM32F730","STM32F745","STM32F750","STM32F765","STM32F7x2","STM32F7x3","STM32F7x6","STM32F7x7","STM32F7x8","STM32F7x9"]
Device used as family representative (RCC, ClockInit) STM32F7x9
Processing family L4
Distinct SVDs for this family 5 fromList ["STM32L4x1","STM32L4x2","STM32L4x3","STM32L4x5","STM32L4x6"]
Device used as family representative (RCC, ClockInit) STM32L4x6
Processing family L4Plus
Distinct SVDs for this family 6 fromList ["STM32L4R5","STM32L4R7","STM32L4R9","STM32L4S5","STM32L4S7","STM32L4S9"]
Device used as family representative (RCC, ClockInit) STM32L4S9
Processing family G0
Distinct SVDs for this family 5 fromList ["STM32G030","STM32G031","STM32G041","STM32G07x","STM32G081"]
Device used as family representative (RCC, ClockInit) STM32G081
Processing family G4
Distinct SVDs for this family 7 fromList ["STM32G431xx","STM32G441xx","STM32G471xx","STM32G473xx","STM32G474xx","STM32G483xx","STM32G484xx"]
Device used as family representative (RCC, ClockInit) STM32G484xx
